INFO:sim:172 - Generating IP...
Resolving generics for 'Asyn_FIFO'...
Applying external generics to 'Asyn_FIFO'...
Delivering associated files for 'Asyn_FIFO'...
Delivering EJava files for 'Asyn_FIFO'...
Generating implementation netlist for 'Asyn_FIFO'...
INFO:sim - Pre-processing HDL files for 'Asyn_FIFO'...
WARNING:sim - BlackBox generator run option '-ifmt' found multiple times. Only
   the first occurence is considered.
Running synthesis for 'Asyn_FIFO'
Running ngcbuild...
Writing VEO instantiation template for 'Asyn_FIFO'...
Writing Verilog behavioral simulation model for 'Asyn_FIFO'...
WARNING:sim - Overwriting existing file
   F:/Wirein_tst/ipcore_dir/tmp/_cg/Asyn_FIFO/doc/fifo_generator_v9_3_vinfo.html
   with file from view xilinx_documentation
Delivered 3 files into directory F:/Wirein_tst/ipcore_dir/tmp/_cg/Asyn_FIFO
Delivered 1 file into directory F:/Wirein_tst/ipcore_dir/tmp/_cg/Asyn_FIFO
Generating ASY schematic symbol...
INFO:sim:949 - Finished generation of ASY schematic symbol.
Generating SYM schematic symbol for 'Asyn_FIFO'...
Generating metadata file...
Generating ISE project file for 'Asyn_FIFO'...
Generating ISE project...
XCO file found: Asyn_FIFO.xco
XMDF file found: Asyn_FIFO_xmdf.tcl
Adding F:/Wirein_tst/ipcore_dir/tmp/_cg/Asyn_FIFO.asy -view all -origin_type
imported
Adding F:/Wirein_tst/ipcore_dir/tmp/_cg/Asyn_FIFO.ngc -view all -origin_type
created
Checking file "F:/Wirein_tst/ipcore_dir/tmp/_cg/Asyn_FIFO.ngc" for project
device match ...
File "F:/Wirein_tst/ipcore_dir/tmp/_cg/Asyn_FIFO.ngc" device information matches
project device.
Adding F:/Wirein_tst/ipcore_dir/tmp/_cg/Asyn_FIFO.sym -view all -origin_type
imported
Adding F:/Wirein_tst/ipcore_dir/tmp/_cg/Asyn_FIFO.v -view all -origin_type
created
INFO:HDLCompiler:1845 - Analyzing Verilog file
   "F:/Wirein_tst/ipcore_dir/tmp/_cg/Asyn_FIFO.v" into library work
INFO:ProjectMgmt - Parsing design hierarchy completed successfully.
Adding F:/Wirein_tst/ipcore_dir/tmp/_cg/Asyn_FIFO.veo -view all -origin_type
imported
INFO:TclTasksC:2116 - The automatic calculation of top has been turned-off.
   Please set the new top explicitly by running the "project set top" command.
   To re-calculate the new top automatically, set the "Auto Implementation Top"
   property to true.
Top level has been set to "/Asyn_FIFO"
Generating README file...
Generating FLIST file...
INFO:sim:948 - Finished FLIST file generation.
Launching README viewer...
Moving files to output directory...
Finished moving files to output directory
Wrote CGP file for project 'Asyn_FIFO'.
